  [1m[35m (6.5ms)[0m  [1m[35mCREATE DATABASE "demo_project_development" ENCODING = 'unicode'[0m
  ↳ bin/rails:9
  [1m[35m (1.0ms)[0m  [1m[35mCREATE DATABASE "demo_project_test" ENCODING = 'unicode'[0m
  ↳ bin/rails:9
Started GET "/" for ::1 at 2021-03-31 15:09:06 -0400
Processing by Rails::WelcomeController#index as HTML
  Rendering /Users/michelleroos/.rbenv/versions/2.5.3/lib/ruby/gems/2.5.0/gems/railties-5.2.5/lib/rails/templates/rails/welcome/index.html.erb
  Rendered /Users/michelleroos/.rbenv/versions/2.5.3/lib/ruby/gems/2.5.0/gems/railties-5.2.5/lib/rails/templates/rails/welcome/index.html.erb (12.7ms)
Completed 200 OK in 81ms (Views: 48.3ms | ActiveRecord: 0.0ms)


Started GET "/users?admin=paloma" for ::1 at 2021-03-31 15:09:14 -0400
Processing by UsersController#index as */*
  Parameters: {"admin"=>"paloma"}
Completed 500 Internal Server Error in 11ms (ActiveRecord: 0.0ms)


  
NameError (uninitialized constant UsersController::User):
  
app/controllers/users_controller.rb:4:in `index'
Started GET "/" for ::1 at 2021-03-31 15:28:04 -0400
Processing by Rails::WelcomeController#index as HTML
  Rendering /Users/syldys/.rbenv/versions/2.5.1/lib/ruby/gems/2.5.0/gems/railties-5.2.5/lib/rails/templates/rails/welcome/index.html.erb
  Rendered /Users/syldys/.rbenv/versions/2.5.1/lib/ruby/gems/2.5.0/gems/railties-5.2.5/lib/rails/templates/rails/welcome/index.html.erb (2.9ms)
Completed 200 OK in 16ms (Views: 8.8ms | ActiveRecord: 0.0ms)


Started GET "/" for ::1 at 2021-03-31 15:40:26 -0400
Processing by Rails::WelcomeController#index as HTML
  Rendering /Users/syldys/.rbenv/versions/2.5.1/lib/ruby/gems/2.5.0/gems/railties-5.2.5/lib/rails/templates/rails/welcome/index.html.erb
  Rendered /Users/syldys/.rbenv/versions/2.5.1/lib/ruby/gems/2.5.0/gems/railties-5.2.5/lib/rails/templates/rails/welcome/index.html.erb (1.8ms)
Completed 200 OK in 10ms (Views: 6.0ms | ActiveRecord: 0.0ms)


Started GET "/" for ::1 at 2021-03-31 15:41:07 -0400
Processing by Rails::WelcomeController#index as HTML
  Rendering /Users/syldys/.rbenv/versions/2.5.1/lib/ruby/gems/2.5.0/gems/railties-5.2.5/lib/rails/templates/rails/welcome/index.html.erb
  Rendered /Users/syldys/.rbenv/versions/2.5.1/lib/ruby/gems/2.5.0/gems/railties-5.2.5/lib/rails/templates/rails/welcome/index.html.erb (3.5ms)
Completed 200 OK in 20ms (Views: 11.9ms | ActiveRecord: 0.0ms)


Started GET "/" for ::1 at 2021-03-31 15:41:19 -0400
Processing by Rails::WelcomeController#index as */*
  Rendering /Users/syldys/.rbenv/versions/2.5.1/lib/ruby/gems/2.5.0/gems/railties-5.2.5/lib/rails/templates/rails/welcome/index.html.erb
  Rendered /Users/syldys/.rbenv/versions/2.5.1/lib/ruby/gems/2.5.0/gems/railties-5.2.5/lib/rails/templates/rails/welcome/index.html.erb (2.1ms)
Completed 200 OK in 116ms (Views: 54.8ms | ActiveRecord: 0.0ms)


Started GET "/?hello=world" for ::1 at 2021-03-31 15:41:40 -0400
Processing by Rails::WelcomeController#index as */*
  Parameters: {"hello"=>"world"}
  Rendering /Users/syldys/.rbenv/versions/2.5.1/lib/ruby/gems/2.5.0/gems/railties-5.2.5/lib/rails/templates/rails/welcome/index.html.erb
  Rendered /Users/syldys/.rbenv/versions/2.5.1/lib/ruby/gems/2.5.0/gems/railties-5.2.5/lib/rails/templates/rails/welcome/index.html.erb (1.9ms)
Completed 200 OK in 122ms (Views: 62.6ms | ActiveRecord: 0.0ms)


Started GET "/" for ::1 at 2021-03-31 15:45:00 -0400
Processing by Rails::WelcomeController#index as HTML
  Rendering /Users/syldys/.rbenv/versions/2.5.1/lib/ruby/gems/2.5.0/gems/railties-5.2.5/lib/rails/templates/rails/welcome/index.html.erb
  Rendered /Users/syldys/.rbenv/versions/2.5.1/lib/ruby/gems/2.5.0/gems/railties-5.2.5/lib/rails/templates/rails/welcome/index.html.erb (3.5ms)
Completed 200 OK in 21ms (Views: 12.1ms | ActiveRecord: 0.0ms)


Started GET "/" for ::1 at 2021-03-31 15:45:07 -0400
Processing by Rails::WelcomeController#index as */*
  Rendering /Users/syldys/.rbenv/versions/2.5.1/lib/ruby/gems/2.5.0/gems/railties-5.2.5/lib/rails/templates/rails/welcome/index.html.erb
  Rendered /Users/syldys/.rbenv/versions/2.5.1/lib/ruby/gems/2.5.0/gems/railties-5.2.5/lib/rails/templates/rails/welcome/index.html.erb (1.8ms)
Completed 200 OK in 115ms (Views: 55.9ms | ActiveRecord: 0.0ms)


Started GET "/user" for ::1 at 2021-03-31 15:45:24 -0400
  
ActionController::RoutingError (No route matches [GET] "/user"):
  
actionpack (5.2.5) lib/action_dispatch/middleware/debug_exceptions.rb:65:in `call'
web-console (3.7.0) lib/web_console/middleware.rb:135:in `call_app'
web-console (3.7.0) lib/web_console/middleware.rb:30:in `block in call'
web-console (3.7.0) lib/web_console/middleware.rb:20:in `catch'
web-console (3.7.0) lib/web_console/middleware.rb:20:in `call'
actionpack (5.2.5) lib/action_dispatch/middleware/show_exceptions.rb:33:in `call'
railties (5.2.5) lib/rails/rack/logger.rb:38:in `call_app'
railties (5.2.5) lib/rails/rack/logger.rb:26:in `block in call'
activesupport (5.2.5) lib/active_support/tagged_logging.rb:71:in `block in tagged'
activesupport (5.2.5) lib/active_support/tagged_logging.rb:28:in `tagged'
activesupport (5.2.5) lib/active_support/tagged_logging.rb:71:in `tagged'
railties (5.2.5) lib/rails/rack/logger.rb:26:in `call'
sprockets-rails (3.2.2) lib/sprockets/rails/quiet_assets.rb:13:in `call'
actionpack (5.2.5) lib/action_dispatch/middleware/remote_ip.rb:81:in `call'
actionpack (5.2.5) lib/action_dispatch/middleware/request_id.rb:27:in `call'
rack (2.2.3) lib/rack/method_override.rb:24:in `call'
rack (2.2.3) lib/rack/runtime.rb:22:in `call'
activesupport (5.2.5) lib/active_support/cache/strategy/local_cache_middleware.rb:29:in `call'
actionpack (5.2.5) lib/action_dispatch/middleware/executor.rb:14:in `call'
actionpack (5.2.5) lib/action_dispatch/middleware/static.rb:127:in `call'
rack (2.2.3) lib/rack/sendfile.rb:110:in `call'
railties (5.2.5) lib/rails/engine.rb:524:in `call'
puma (3.12.6) lib/puma/configuration.rb:227:in `call'
puma (3.12.6) lib/puma/server.rb:706:in `handle_request'
puma (3.12.6) lib/puma/server.rb:476:in `process_client'
puma (3.12.6) lib/puma/server.rb:334:in `block in run'
puma (3.12.6) lib/puma/thread_pool.rb:135:in `block in spawn_thread'
Started GET "/users" for ::1 at 2021-03-31 15:45:40 -0400
Processing by UsersController#index as */*
  Rendering text template
  Rendered text template (0.0ms)
Completed 500 Internal Server Error in 4ms (Views: 1.9ms | ActiveRecord: 0.0ms)



NameError - uninitialized constant UsersController::User:
  app/controllers/users_controller.rb:5:in `index'

Started GET "/users?admin=true" for ::1 at 2021-03-31 16:05:00 -0400
Processing by UsersController#index as */*
  Parameters: {"admin"=>"true"}
  Rendering text template
  Rendered text template (0.0ms)
Completed 500 Internal Server Error in 66ms (Views: 17.8ms | ActiveRecord: 0.0ms)



NameError - uninitialized constant UsersController::User:
  app/controllers/users_controller.rb:5:in `index'

Started GET "/users?fav_food=pizza" for ::1 at 2021-03-31 16:06:25 -0400
Processing by UsersController#index as */*
  Parameters: {"fav_food"=>"pizza"}
  Rendering text template
  Rendered text template (0.0ms)
Completed 500 Internal Server Error in 48ms (Views: 11.6ms | ActiveRecord: 0.0ms)



NameError - uninitialized constant UsersController::User:
  app/controllers/users_controller.rb:5:in `index'

Started GET "/users?fav_food=pizza" for ::1 at 2021-03-31 16:06:53 -0400
Processing by UsersController#index as */*
  Parameters: {"fav_food"=>"pizza"}
Completed 500 Internal Server Error in 104ms (ActiveRecord: 0.0ms)



NameError - uninitialized constant UsersController::User:
  app/controllers/users_controller.rb:5:in `index'

Started GET "/users?fav_food=paloma" for ::1 at 2021-03-31 16:07:04 -0400
Processing by UsersController#index as */*
  Parameters: {"fav_food"=>"paloma"}
Completed 500 Internal Server Error in 5ms (ActiveRecord: 0.0ms)



NameError - uninitialized constant UsersController::User:
  app/controllers/users_controller.rb:5:in `index'

Started GET "/users/?fav_food=paloma" for ::1 at 2021-03-31 16:08:01 -0400
Processing by UsersController#index as */*
  Parameters: {"fav_food"=>"paloma"}
Completed 500 Internal Server Error in 4ms (ActiveRecord: 0.0ms)



NameError - uninitialized constant UsersController::User:
  app/controllers/users_controller.rb:5:in `index'

Started GET "/users/?fav_food=true" for ::1 at 2021-03-31 16:08:25 -0400
Processing by UsersController#index as */*
  Parameters: {"fav_food"=>"true"}
Completed 500 Internal Server Error in 5ms (ActiveRecord: 0.0ms)



NameError - uninitialized constant UsersController::User:
  app/controllers/users_controller.rb:5:in `index'

Started GET "/users/?fav_food=true" for ::1 at 2021-03-31 16:09:12 -0400
Processing by UsersController#index as */*
  Parameters: {"fav_food"=>"true"}
  Rendering text template
  Rendered text template (0.0ms)
Completed 200 OK in 8ms (Views: 3.6ms | ActiveRecord: 0.0ms)


Started GET "/users/?fav_food=pizza" for ::1 at 2021-03-31 16:12:04 -0400
Processing by UsersController#index as */*
  Parameters: {"fav_food"=>"pizza"}
  Rendering text template
  Rendered text template (0.0ms)
Completed 200 OK in 46ms (Views: 45.1ms | ActiveRecord: 0.0ms)


Started GET "/users/" for ::1 at 2021-03-31 16:12:37 -0400
Processing by UsersController#index as */*
  Parameters: {"fav_food"=>"pizza"}
  Rendering text template
  Rendered text template (0.0ms)
Completed 200 OK in 4ms (Views: 2.7ms | ActiveRecord: 0.0ms)


Started GET "/" for ::1 at 2021-03-31 16:13:06 -0400
Processing by Rails::WelcomeController#index as */*
  Parameters: {"fav_food"=>"pizza"}
  Rendering /Users/michelleroos/.rbenv/versions/2.5.3/lib/ruby/gems/2.5.0/gems/railties-5.2.5/lib/rails/templates/rails/welcome/index.html.erb
  Rendered /Users/michelleroos/.rbenv/versions/2.5.3/lib/ruby/gems/2.5.0/gems/railties-5.2.5/lib/rails/templates/rails/welcome/index.html.erb (51.2ms)
Completed 200 OK in 1262ms (Views: 628.2ms | ActiveRecord: 0.0ms)


Started POST "/" for ::1 at 2021-03-31 16:14:34 -0400
  
ActionController::RoutingError (No route matches [POST] "/"):
  
actionpack (5.2.5) lib/action_dispatch/middleware/debug_exceptions.rb:65:in `call'
web-console (3.7.0) lib/web_console/middleware.rb:135:in `call_app'
web-console (3.7.0) lib/web_console/middleware.rb:30:in `block in call'
web-console (3.7.0) lib/web_console/middleware.rb:20:in `catch'
web-console (3.7.0) lib/web_console/middleware.rb:20:in `call'
actionpack (5.2.5) lib/action_dispatch/middleware/show_exceptions.rb:33:in `call'
railties (5.2.5) lib/rails/rack/logger.rb:38:in `call_app'
railties (5.2.5) lib/rails/rack/logger.rb:26:in `block in call'
activesupport (5.2.5) lib/active_support/tagged_logging.rb:71:in `block in tagged'
activesupport (5.2.5) lib/active_support/tagged_logging.rb:28:in `tagged'
activesupport (5.2.5) lib/active_support/tagged_logging.rb:71:in `tagged'
railties (5.2.5) lib/rails/rack/logger.rb:26:in `call'
sprockets-rails (3.2.2) lib/sprockets/rails/quiet_assets.rb:13:in `call'
actionpack (5.2.5) lib/action_dispatch/middleware/remote_ip.rb:81:in `call'
actionpack (5.2.5) lib/action_dispatch/middleware/request_id.rb:27:in `call'
rack (2.2.3) lib/rack/method_override.rb:24:in `call'
rack (2.2.3) lib/rack/runtime.rb:22:in `call'
activesupport (5.2.5) lib/active_support/cache/strategy/local_cache_middleware.rb:29:in `call'
actionpack (5.2.5) lib/action_dispatch/middleware/executor.rb:14:in `call'
actionpack (5.2.5) lib/action_dispatch/middleware/static.rb:127:in `call'
rack (2.2.3) lib/rack/sendfile.rb:110:in `call'
railties (5.2.5) lib/rails/engine.rb:524:in `call'
puma (3.12.6) lib/puma/configuration.rb:227:in `call'
puma (3.12.6) lib/puma/server.rb:706:in `handle_request'
puma (3.12.6) lib/puma/server.rb:476:in `process_client'
puma (3.12.6) lib/puma/server.rb:334:in `block in run'
puma (3.12.6) lib/puma/thread_pool.rb:135:in `block in spawn_thread'
Started GET "/?fav_food=pizza" for ::1 at 2021-03-31 16:16:17 -0400
Processing by Rails::WelcomeController#index as */*
  Parameters: {"fav_food"=>"pizza"}
  Rendering /Users/michelleroos/.rbenv/versions/2.5.3/lib/ruby/gems/2.5.0/gems/railties-5.2.5/lib/rails/templates/rails/welcome/index.html.erb
  Rendered /Users/michelleroos/.rbenv/versions/2.5.3/lib/ruby/gems/2.5.0/gems/railties-5.2.5/lib/rails/templates/rails/welcome/index.html.erb (27.6ms)
Completed 200 OK in 1216ms (Views: 667.8ms | ActiveRecord: 0.0ms)


Started GET "/?fav_food=pizza" for ::1 at 2021-03-31 16:16:58 -0400
Processing by Rails::WelcomeController#index as */*
  Parameters: {"fav_food"=>"pizza"}
  Rendering /Users/michelleroos/.rbenv/versions/2.5.3/lib/ruby/gems/2.5.0/gems/railties-5.2.5/lib/rails/templates/rails/welcome/index.html.erb
  Rendered /Users/michelleroos/.rbenv/versions/2.5.3/lib/ruby/gems/2.5.0/gems/railties-5.2.5/lib/rails/templates/rails/welcome/index.html.erb (6.3ms)
Completed 200 OK in 1805ms (Views: 692.3ms | ActiveRecord: 0.0ms)


Started GET "/" for ::1 at 2021-03-31 16:18:05 -0400
Processing by Rails::WelcomeController#index as HTML
  Rendering /Users/michelleroos/.rbenv/versions/2.5.3/lib/ruby/gems/2.5.0/gems/railties-5.2.5/lib/rails/templates/rails/welcome/index.html.erb
  Rendered /Users/michelleroos/.rbenv/versions/2.5.3/lib/ruby/gems/2.5.0/gems/railties-5.2.5/lib/rails/templates/rails/welcome/index.html.erb (4.4ms)
Completed 200 OK in 31ms (Views: 16.4ms | ActiveRecord: 0.0ms)


Started GET "/" for ::1 at 2021-03-31 16:18:16 -0400
Processing by Rails::WelcomeController#index as HTML
  Rendering /Users/michelleroos/.rbenv/versions/2.5.3/lib/ruby/gems/2.5.0/gems/railties-5.2.5/lib/rails/templates/rails/welcome/index.html.erb
  Rendered /Users/michelleroos/.rbenv/versions/2.5.3/lib/ruby/gems/2.5.0/gems/railties-5.2.5/lib/rails/templates/rails/welcome/index.html.erb (3.6ms)
Completed 200 OK in 58ms (Views: 20.8ms | ActiveRecord: 0.0ms)


Started GET "/?fav_food=pizza" for ::1 at 2021-03-31 16:18:54 -0400
Processing by Rails::WelcomeController#index as */*
  Parameters: {"fav_food"=>"pizza"}
  Rendering /Users/michelleroos/.rbenv/versions/2.5.3/lib/ruby/gems/2.5.0/gems/railties-5.2.5/lib/rails/templates/rails/welcome/index.html.erb
  Rendered /Users/michelleroos/.rbenv/versions/2.5.3/lib/ruby/gems/2.5.0/gems/railties-5.2.5/lib/rails/templates/rails/welcome/index.html.erb (31.4ms)
Completed 200 OK in 1658ms (Views: 785.2ms | ActiveRecord: 0.0ms)


Started GET "/" for ::1 at 2021-03-31 16:19:28 -0400
Processing by Rails::WelcomeController#index as HTML
  Rendering /Users/michelleroos/.rbenv/versions/2.5.3/lib/ruby/gems/2.5.0/gems/railties-5.2.5/lib/rails/templates/rails/welcome/index.html.erb
  Rendered /Users/michelleroos/.rbenv/versions/2.5.3/lib/ruby/gems/2.5.0/gems/railties-5.2.5/lib/rails/templates/rails/welcome/index.html.erb (3.4ms)
Completed 200 OK in 34ms (Views: 22.0ms | ActiveRecord: 0.0ms)


Started GET "/" for ::1 at 2021-03-31 16:21:22 -0400
Processing by Rails::WelcomeController#index as */*
  Rendering /Users/michelleroos/.rbenv/versions/2.5.3/lib/ruby/gems/2.5.0/gems/railties-5.2.5/lib/rails/templates/rails/welcome/index.html.erb
  Rendered /Users/michelleroos/.rbenv/versions/2.5.3/lib/ruby/gems/2.5.0/gems/railties-5.2.5/lib/rails/templates/rails/welcome/index.html.erb (13.8ms)
Completed 200 OK in 1432ms (Views: 670.8ms | ActiveRecord: 0.0ms)


Started GET "/?fav_food=pizza" for ::1 at 2021-03-31 16:21:28 -0400
Processing by Rails::WelcomeController#index as */*
  Parameters: {"fav_food"=>"pizza"}
  Rendering /Users/michelleroos/.rbenv/versions/2.5.3/lib/ruby/gems/2.5.0/gems/railties-5.2.5/lib/rails/templates/rails/welcome/index.html.erb
  Rendered /Users/michelleroos/.rbenv/versions/2.5.3/lib/ruby/gems/2.5.0/gems/railties-5.2.5/lib/rails/templates/rails/welcome/index.html.erb (40.2ms)
Completed 200 OK in 1094ms (Views: 678.1ms | ActiveRecord: 0.0ms)


Started POST "/?fav_food=pizza" for ::1 at 2021-03-31 16:23:00 -0400
  
ActionController::RoutingError (No route matches [POST] "/"):
  
actionpack (5.2.5) lib/action_dispatch/middleware/debug_exceptions.rb:65:in `call'
web-console (3.7.0) lib/web_console/middleware.rb:135:in `call_app'
web-console (3.7.0) lib/web_console/middleware.rb:30:in `block in call'
web-console (3.7.0) lib/web_console/middleware.rb:20:in `catch'
web-console (3.7.0) lib/web_console/middleware.rb:20:in `call'
actionpack (5.2.5) lib/action_dispatch/middleware/show_exceptions.rb:33:in `call'
railties (5.2.5) lib/rails/rack/logger.rb:38:in `call_app'
railties (5.2.5) lib/rails/rack/logger.rb:26:in `block in call'
activesupport (5.2.5) lib/active_support/tagged_logging.rb:71:in `block in tagged'
activesupport (5.2.5) lib/active_support/tagged_logging.rb:28:in `tagged'
activesupport (5.2.5) lib/active_support/tagged_logging.rb:71:in `tagged'
railties (5.2.5) lib/rails/rack/logger.rb:26:in `call'
sprockets-rails (3.2.2) lib/sprockets/rails/quiet_assets.rb:13:in `call'
actionpack (5.2.5) lib/action_dispatch/middleware/remote_ip.rb:81:in `call'
actionpack (5.2.5) lib/action_dispatch/middleware/request_id.rb:27:in `call'
rack (2.2.3) lib/rack/method_override.rb:24:in `call'
rack (2.2.3) lib/rack/runtime.rb:22:in `call'
activesupport (5.2.5) lib/active_support/cache/strategy/local_cache_middleware.rb:29:in `call'
actionpack (5.2.5) lib/action_dispatch/middleware/executor.rb:14:in `call'
actionpack (5.2.5) lib/action_dispatch/middleware/static.rb:127:in `call'
rack (2.2.3) lib/rack/sendfile.rb:110:in `call'
railties (5.2.5) lib/rails/engine.rb:524:in `call'
puma (3.12.6) lib/puma/configuration.rb:227:in `call'
puma (3.12.6) lib/puma/server.rb:706:in `handle_request'
puma (3.12.6) lib/puma/server.rb:476:in `process_client'
puma (3.12.6) lib/puma/server.rb:334:in `block in run'
puma (3.12.6) lib/puma/thread_pool.rb:135:in `block in spawn_thread'
Started GET "/users" for ::1 at 2021-03-31 16:24:33 -0400
Processing by UsersController#index as */*
  Rendering text template
  Rendered text template (1.6ms)
Completed 200 OK in 121301ms (Views: 75.3ms | ActiveRecord: 0.0ms)


Started POST "/users" for ::1 at 2021-03-31 16:27:36 -0400
Processing by UsersController#create as */*
  Parameters: {"fav_food"=>"pizza"}
Completed 200 OK in 39550ms (Views: 1.8ms | ActiveRecord: 0.0ms)


Started GET "/users" for ::1 at 2021-03-31 16:31:42 -0400
Processing by UsersController#index as */*
  Rendering text template
  Rendered text template (0.0ms)
Completed 200 OK in 9ms (Views: 5.6ms | ActiveRecord: 0.0ms)


Started POST "/users" for ::1 at 2021-03-31 16:32:01 -0400
Processing by UsersController#create as */*
  Parameters: {"fav_food"=>"pizza"}
Completed 200 OK in 1ms (Views: 0.3ms | ActiveRecord: 0.0ms)


Started GET "/users/" for ::1 at 2021-03-31 16:33:39 -0400
Processing by UsersController#index as */*
  Parameters: {"fav_food"=>"pizza"}
  Rendering text template
  Rendered text template (0.0ms)
Completed 200 OK in 1ms (Views: 0.5ms | ActiveRecord: 0.0ms)


Started GET "/users/" for ::1 at 2021-03-31 16:34:32 -0400
Processing by UsersController#index as */*
  Parameters: {"fav_food"=>"pizza"}
  Rendering text template
  Rendered text template (0.0ms)
Completed 200 OK in 1ms (Views: 0.8ms | ActiveRecord: 0.0ms)


Started GET "/users/" for ::1 at 2021-03-31 16:34:45 -0400
Processing by UsersController#index as */*
  Parameters: {"fav_food"=>"pizza"}
  Rendering text template
  Rendered text template (0.0ms)
Completed 200 OK in 1ms (Views: 0.3ms | ActiveRecord: 0.0ms)


Started GET "/users/1" for ::1 at 2021-03-31 16:35:16 -0400
Processing by UsersController#show as */*
  Parameters: {"fav_food"=>"pizza", "id"=>"1"}
Completed 200 OK in 29860ms (Views: 0.3ms | ActiveRecord: 0.0ms)


Started GET "/users" for ::1 at 2021-03-31 16:38:10 -0400
Processing by UsersController#index as */*
  Parameters: {"hello"=>{"world"=>"apple"}}
  Rendering text template
  Rendered text template (0.0ms)
Completed 200 OK in 1ms (Views: 0.6ms | ActiveRecord: 0.0ms)


Started POST "/users" for ::1 at 2021-03-31 16:38:16 -0400
Processing by UsersController#create as */*
  Parameters: {"hello"=>{"world"=>"apple"}}
Completed 200 OK in 1ms (Views: 0.4ms | ActiveRecord: 0.0ms)


Started GET "/users?grapes=delicious" for ::1 at 2021-03-31 16:40:25 -0400
Processing by UsersController#index as */*
  Parameters: {"grapes"=>"delicious"}
  Rendering text template
  Rendered text template (0.0ms)
Completed 200 OK in 1ms (Views: 0.4ms | ActiveRecord: 0.0ms)


Started GET "/users" for ::1 at 2021-03-31 16:40:36 -0400
Processing by UsersController#index as */*
  Parameters: {"hello"=>{"world"=>"apple"}}
  Rendering text template
  Rendered text template (0.0ms)
Completed 200 OK in 1ms (Views: 0.5ms | ActiveRecord: 0.0ms)


Started POST "/users" for ::1 at 2021-03-31 16:40:40 -0400
Processing by UsersController#create as */*
  Parameters: {"hello"=>{"world"=>"apple"}}
Completed 200 OK in 1ms (Views: 0.2ms | ActiveRecord: 0.0ms)


Started GET "/users?grapes=delicious" for ::1 at 2021-03-31 16:41:32 -0400
Processing by UsersController#index as */*
  Parameters: {"grapes"=>"delicious"}
Completed 200 OK in 0ms (Views: 0.2ms | ActiveRecord: 0.0ms)


Started POST "/users?grapes=delicious" for ::1 at 2021-03-31 16:41:45 -0400
Processing by UsersController#create as */*
  Parameters: {"hello"=>{"world"=>"apple"}, "grapes"=>"delicious"}
Completed 200 OK in 0ms (Views: 0.2ms | ActiveRecord: 0.0ms)


Started POST "/users" for ::1 at 2021-03-31 16:41:58 -0400
Processing by UsersController#create as */*
  Parameters: {"hello"=>{"world"=>"apple"}}
Completed 200 OK in 0ms (Views: 0.1ms | ActiveRecord: 0.0ms)


  [1m[35m (24.9ms)[0m  [1m[35mCREATE TABLE "schema_migrations" ("version" character varying NOT NULL PRIMARY KEY)[0m
  ↳ bin/rails:9
  [1m[35m (3.0ms)[0m  [1m[35mCREATE TABLE "ar_internal_metadata" ("key" character varying NOT NULL PRIMARY KEY, "value" character varying, "created_at" timestamp NOT NULL, "updated_at" timestamp NOT NULL)[0m
  ↳ bin/rails:9
  [1m[35m (0.1ms)[0m  [1m[34mSELECT pg_try_advisory_lock(3664083811000030320)[0m
  ↳ bin/rails:9
  [1m[35m (0.6ms)[0m  [1m[34mSELECT "schema_migrations"."version" FROM "schema_migrations" ORDER BY "schema_migrations"."version" ASC[0m
  ↳ bin/rails:9
Migrating to CreateUser (20210331204901)
  [1m[35m (0.1ms)[0m  [1m[35mBEGIN[0m
  ↳ bin/rails:9
  [1m[35m (6.8ms)[0m  [1m[35mCREATE TABLE "users" ("id" bigserial primary key, "name" character varying NOT NULL, "email" character varying NOT NULL, "created_at" timestamp NOT NULL, "updated_at" timestamp NOT NULL)[0m
  ↳ db/migrate/20210331204901_create_user.rb:3
  [1m[36mActiveRecord::SchemaMigration Create (0.5ms)[0m  [1m[32mINSERT INTO "schema_migrations" ("version") VALUES ($1) RETURNING "version"[0m  [["version", "20210331204901"]]
  ↳ bin/rails:9
  [1m[35m (0.4ms)[0m  [1m[35mCOMMIT[0m
  ↳ bin/rails:9
  [1m[36mActiveRecord::InternalMetadata Load (0.5ms)[0m  [1m[34mSELECT  "ar_internal_metadata".* FROM "ar_internal_metadata" WHERE "ar_internal_metadata"."key" = $1 LIMIT $2[0m  [["key", "environment"], ["LIMIT", 1]]
  ↳ bin/rails:9
  [1m[35m (0.1ms)[0m  [1m[35mBEGIN[0m
  ↳ bin/rails:9
  [1m[36mActiveRecord::InternalMetadata Create (0.4ms)[0m  [1m[32mINSERT INTO "ar_internal_metadata" ("key", "value", "created_at", "updated_at") VALUES ($1, $2, $3, $4) RETURNING "key"[0m  [["key", "environment"], ["value", "development"], ["created_at", "2021-03-31 20:50:17.149871"], ["updated_at", "2021-03-31 20:50:17.149871"]]
  ↳ bin/rails:9
  [1m[35m (0.3ms)[0m  [1m[35mCOMMIT[0m
  ↳ bin/rails:9
  [1m[35m (0.2ms)[0m  [1m[34mSELECT pg_advisory_unlock(3664083811000030320)[0m
  ↳ bin/rails:9
  [1m[35m (0.3ms)[0m  [1m[34mSELECT "schema_migrations"."version" FROM "schema_migrations" ORDER BY "schema_migrations"."version" ASC[0m
  ↳ bin/rails:9
